  CREATE_STREAM @220000 {NAME:axi_wr_1 T:Transactions SCOPE:uvm_test_top.env_axi.write_agent.seqr STREAM:870}
  CREATE_STREAM @560000 {NAME:axi_rd_1 T:Transactions SCOPE:uvm_test_top.env_axi.read_agent.sequencer STREAM:910}
  CREATE_STREAM @720000 {NAME:axi_rd_2 T:Transactions SCOPE:uvm_test_top.env_axi.read_agent.sequencer STREAM:932}
  CREATE_STREAM @220000 {NAME:axi_wr_1 T:Transactions SCOPE:uvm_test_top.env_axi.write_agent.seqr STREAM:870}
  CREATE_STREAM @560000 {NAME:axi_rd_1 T:Transactions SCOPE:uvm_test_top.env_axi.read_agent.sequencer STREAM:910}
  CREATE_STREAM @720000 {NAME:axi_rd_2 T:Transactions SCOPE:uvm_test_top.env_axi.read_agent.sequencer STREAM:932}
  CREATE_STREAM @220000 {NAME:axi_wr_1 T:Transactions SCOPE:uvm_test_top.env_axi.write_agent.seqr STREAM:870}
  CREATE_STREAM @560000 {NAME:axi_rd_1 T:Transactions SCOPE:uvm_test_top.env_axi.read_agent.sequencer STREAM:910}
  CREATE_STREAM @720000 {NAME:axi_rd_2 T:Transactions SCOPE:uvm_test_top.env_axi.read_agent.sequencer STREAM:932}
  CREATE_STREAM @220000 {NAME:axi_wr_1 T:Transactions SCOPE:uvm_test_top.env_axi.write_agent.seqr STREAM:1129}
  CREATE_STREAM @560000 {NAME:axi_rd_1 T:Transactions SCOPE:uvm_test_top.env_axi.read_agent.sequencer STREAM:1199}
  CREATE_STREAM @720000 {NAME:axi_rd_2 T:Transactions SCOPE:uvm_test_top.env_axi.read_agent.sequencer STREAM:1241}
  CREATE_STREAM @880000 {NAME:gpio_i T:Transactions SCOPE:uvm_test_top.env_gpio.agent.seqr STREAM:1271}
  CREATE_STREAM @220000 {NAME:axi_wr_1 T:Transactions SCOPE:uvm_test_top.env_axi.write_agent.seqr STREAM:1129}
  CREATE_STREAM @560000 {NAME:axi_rd_1 T:Transactions SCOPE:uvm_test_top.env_axi.read_agent.sequencer STREAM:1199}
  CREATE_STREAM @720000 {NAME:axi_rd_2 T:Transactions SCOPE:uvm_test_top.env_axi.read_agent.sequencer STREAM:1241}
  CREATE_STREAM @880000 {NAME:gpio_i T:Transactions SCOPE:uvm_test_top.env_gpio.agent.seqr STREAM:1271}
  CREATE_STREAM @220000 {NAME:axi_wr_1 T:Transactions SCOPE:uvm_test_top.env_axi.write_agent.seqr STREAM:1129}
  CREATE_STREAM @560000 {NAME:axi_rd_1 T:Transactions SCOPE:uvm_test_top.env_axi.read_agent.sequencer STREAM:1199}
  CREATE_STREAM @720000 {NAME:axi_rd_2 T:Transactions SCOPE:uvm_test_top.env_axi.read_agent.sequencer STREAM:1241}
  CREATE_STREAM @880000 {NAME:gpio_i T:Transactions SCOPE:uvm_test_top.env_gpio.agent.seqr STREAM:1271}
  CREATE_STREAM @220000 {NAME:axi_wr_1 T:Transactions SCOPE:uvm_test_top.env_axi.write_agent.seqr STREAM:1129}
  CREATE_STREAM @560000 {NAME:axi_rd_1 T:Transactions SCOPE:uvm_test_top.env_axi.read_agent.sequencer STREAM:1199}
  CREATE_STREAM @720000 {NAME:axi_rd_2 T:Transactions SCOPE:uvm_test_top.env_axi.read_agent.sequencer STREAM:1241}
  CREATE_STREAM @880000 {NAME:gpio_i T:Transactions SCOPE:uvm_test_top.env_gpio.agent.seqr STREAM:1271}
  CREATE_STREAM @220000 {NAME:axi_wr_1 T:Transactions SCOPE:uvm_test_top.env_axi.write_agent.seqr STREAM:1129}
  CREATE_STREAM @560000 {NAME:axi_rd_1 T:Transactions SCOPE:uvm_test_top.env_axi.read_agent.sequencer STREAM:1199}
  CREATE_STREAM @720000 {NAME:axi_rd_2 T:Transactions SCOPE:uvm_test_top.env_axi.read_agent.sequencer STREAM:1241}
  CREATE_STREAM @880000 {NAME:gpio_i T:Transactions SCOPE:uvm_test_top.env_gpio.agent.seqr STREAM:1271}
  CREATE_STREAM @220000 {NAME:axi_wr_1 T:Transactions SCOPE:uvm_test_top.env_axi.write_agent.seqr STREAM:1129}
  CREATE_STREAM @560000 {NAME:axi_rd_1 T:Transactions SCOPE:uvm_test_top.env_axi.read_agent.sequencer STREAM:1199}
  CREATE_STREAM @720000 {NAME:axi_rd_2 T:Transactions SCOPE:uvm_test_top.env_axi.read_agent.sequencer STREAM:1241}
  CREATE_STREAM @880000 {NAME:gpio_i T:Transactions SCOPE:uvm_test_top.env_gpio.agent.seqr STREAM:1271}
  CREATE_STREAM @220000 {NAME:axi_wr_1 T:Transactions SCOPE:uvm_test_top.env_axi.write_agent.seqr STREAM:1129}
  CREATE_STREAM @560000 {NAME:axi_rd_1 T:Transactions SCOPE:uvm_test_top.env_axi.read_agent.sequencer STREAM:1199}
  CREATE_STREAM @720000 {NAME:axi_rd_2 T:Transactions SCOPE:uvm_test_top.env_axi.read_agent.sequencer STREAM:1241}
  CREATE_STREAM @880000 {NAME:gpio_i T:Transactions SCOPE:uvm_test_top.env_gpio.agent.seqr STREAM:1271}
  CREATE_STREAM @220000 {NAME:axi_wr_1 T:Transactions SCOPE:uvm_test_top.env_axi.write_agent.seqr STREAM:1129}
  CREATE_STREAM @560000 {NAME:axi_rd_1 T:Transactions SCOPE:uvm_test_top.env_axi.read_agent.sequencer STREAM:1199}
  CREATE_STREAM @720000 {NAME:axi_rd_2 T:Transactions SCOPE:uvm_test_top.env_axi.read_agent.sequencer STREAM:1241}
  CREATE_STREAM @880000 {NAME:gpio_i T:Transactions SCOPE:uvm_test_top.env_gpio.agent.seqr STREAM:1271}
  CREATE_STREAM @220000 {NAME:axi_wr_1 T:Transactions SCOPE:uvm_test_top.env_axi.write_agent.seqr STREAM:1139}
  CREATE_STREAM @560000 {NAME:axi_rd_1 T:Transactions SCOPE:uvm_test_top.env_axi.read_agent.sequencer STREAM:1239}
  CREATE_STREAM @720000 {NAME:axi_rd_2 T:Transactions SCOPE:uvm_test_top.env_axi.read_agent.sequencer STREAM:1281}
  CREATE_STREAM @880000 {NAME:gpio_i T:Transactions SCOPE:uvm_test_top.env_gpio.agent.seqr STREAM:1331}
  CREATE_STREAM @220000 {NAME:axi_wr_1 T:Transactions SCOPE:uvm_test_top.env_axi.write_agent.seqr STREAM:1139}
  CREATE_STREAM @560000 {NAME:axi_rd_1 T:Transactions SCOPE:uvm_test_top.env_axi.read_agent.sequencer STREAM:1239}
  CREATE_STREAM @720000 {NAME:axi_rd_2 T:Transactions SCOPE:uvm_test_top.env_axi.read_agent.sequencer STREAM:1281}
  CREATE_STREAM @880000 {NAME:gpio_i T:Transactions SCOPE:uvm_test_top.env_gpio.agent.seqr STREAM:1331}
  CREATE_STREAM @220000 {NAME:axi_wr_1 T:Transactions SCOPE:uvm_test_top.env_axi.write_agent.seqr STREAM:1139}
  CREATE_STREAM @560000 {NAME:axi_rd_1 T:Transactions SCOPE:uvm_test_top.env_axi.read_agent.sequencer STREAM:1239}
  CREATE_STREAM @720000 {NAME:axi_rd_2 T:Transactions SCOPE:uvm_test_top.env_axi.read_agent.sequencer STREAM:1281}
  CREATE_STREAM @880000 {NAME:gpio_i T:Transactions SCOPE:uvm_test_top.env_gpio.agent.seqr STREAM:1331}
  CREATE_STREAM @220000 {NAME:axi_wr_1 T:Transactions SCOPE:uvm_test_top.env_axi.write_agent.seqr STREAM:1139}
  CREATE_STREAM @560000 {NAME:axi_rd_1 T:Transactions SCOPE:uvm_test_top.env_axi.read_agent.sequencer STREAM:1239}
  CREATE_STREAM @720000 {NAME:axi_rd_2 T:Transactions SCOPE:uvm_test_top.env_axi.read_agent.sequencer STREAM:1281}
  CREATE_STREAM @880000 {NAME:gpio_i T:Transactions SCOPE:uvm_test_top.env_gpio.agent.seqr STREAM:1331}
  CREATE_STREAM @0 {NAME:axi_wr_1 T:Transactions SCOPE:uvm_test_top.env_axi.write_agent.seqr STREAM:1018}
  CREATE_STREAM @0 {NAME:axi_wr_1 T:Transactions SCOPE:uvm_test_top.env_axi.write_agent.seqr STREAM:1075}
  CREATE_STREAM @0 {NAME:axi_wr_1 T:Transactions SCOPE:uvm_test_top.env_axi.write_agent.seqr STREAM:1075}
  CREATE_STREAM @0 {NAME:axi_wr_1 T:Transactions SCOPE:uvm_test_top.env_axi.write_agent.seqr STREAM:1075}
  CREATE_STREAM @0 {NAME:axi_wr_1 T:Transactions SCOPE:uvm_test_top.env_axi.write_agent.seqr STREAM:1075}
  CREATE_STREAM @0 {NAME:axi_wr_1 T:Transactions SCOPE:uvm_test_top.env_axi.write_agent.seqr STREAM:1075}
  CREATE_STREAM @0 {NAME:axi_wr_1 T:Transactions SCOPE:uvm_test_top.env_axi.write_agent.seqr STREAM:1075}
  CREATE_STREAM @0 {NAME:axi_wr_1 T:Transactions SCOPE:uvm_test_top.env_axi.write_agent.seqr STREAM:1075}
  CREATE_STREAM @0 {NAME:axi_wr_1 T:Transactions SCOPE:uvm_test_top.env_axi.write_agent.seqr STREAM:1075}
  CREATE_STREAM @0 {NAME:axi_wr_1 T:Transactions SCOPE:uvm_test_top.env_axi.write_agent.seqr STREAM:1077}
  CREATE_STREAM @0 {NAME:axi_wr_1 T:Transactions SCOPE:uvm_test_top.env_axi.write_agent.seqr STREAM:1077}
  CREATE_STREAM @220000 {NAME:axi_wr_1 T:Transactions SCOPE:uvm_test_top.env_axi.write_agent.seqr STREAM:1111}
  CREATE_STREAM @220000 {NAME:axi_wr_1 T:Transactions SCOPE:uvm_test_top.env_axi.write_agent.seqr STREAM:1111}
  CREATE_STREAM @220000 {NAME:axi_wr_1 T:Transactions SCOPE:uvm_test_top.env_axi.write_agent.seqr STREAM:1111}
  CREATE_STREAM @220000 {NAME:axi_wr_1 T:Transactions SCOPE:uvm_test_top.env_axi.write_agent.seqr STREAM:1081}
  CREATE_STREAM @220000 {NAME:axi_wr_1 T:Transactions SCOPE:uvm_test_top.env_axi.write_agent.seqr STREAM:1081}
  CREATE_STREAM @0 {NAME:axi_wr_1 T:Transactions SCOPE:uvm_test_top.env_axi.write_agent.seqr STREAM:1020}
  CREATE_STREAM @220000 {NAME:axi_wr_1 T:Transactions SCOPE:uvm_test_top.env_axi.write_agent.seqr STREAM:1105}
  CREATE_STREAM @560000 {NAME:axi_rd_1 T:Transactions SCOPE:uvm_test_top.env_axi.read_agent.sequencer STREAM:1195}
  CREATE_STREAM @720000 {NAME:axi_rd_2 T:Transactions SCOPE:uvm_test_top.env_axi.read_agent.sequencer STREAM:1247}
  CREATE_STREAM @880000 {NAME:gpio_i T:Transactions SCOPE:uvm_test_top.env_gpio.agent.seqr STREAM:1297}
  CREATE_STREAM @220000 {NAME:axi_wr_1 T:Transactions SCOPE:uvm_test_top.env_axi.write_agent.seqr STREAM:1089}
  CREATE_STREAM @220000 {NAME:axi_wr_1 T:Transactions SCOPE:uvm_test_top.env_axi.write_agent.seqr STREAM:1089}
  CREATE_STREAM @220000 {NAME:axi_wr_1 T:Transactions SCOPE:uvm_test_top.env_axi.write_agent.seqr STREAM:1089}
  CREATE_STREAM @220000 {NAME:axi_wr_1 T:Transactions SCOPE:uvm_test_top.env_axi.write_agent.seqr STREAM:1089}
  CREATE_STREAM @220000 {NAME:axi_wr_1 T:Transactions SCOPE:uvm_test_top.env_axi.write_agent.seqr STREAM:1089}
  CREATE_STREAM @220000 {NAME:axi_wr_1 T:Transactions SCOPE:uvm_test_top.env_axi.write_agent.seqr STREAM:1093}
  CREATE_STREAM @220000 {NAME:axi_wr_1 T:Transactions SCOPE:uvm_test_top.env_axi.write_agent.seqr STREAM:1089}
  CREATE_STREAM @220000 {NAME:axi_wr_1 T:Transactions SCOPE:uvm_test_top.env_axi.write_agent.seqr STREAM:1089}
  CREATE_STREAM @220000 {NAME:axi_wr_1 T:Transactions SCOPE:uvm_test_top.env_axi.write_agent.seqr STREAM:1107}
  CREATE_STREAM @560000 {NAME:axi_rd_1 T:Transactions SCOPE:uvm_test_top.env_axi.read_agent.sequencer STREAM:1367}
  CREATE_STREAM @720000 {NAME:axi_rd_2 T:Transactions SCOPE:uvm_test_top.env_axi.read_agent.sequencer STREAM:1493}
  CREATE_STREAM @880000 {NAME:gpio_i T:Transactions SCOPE:uvm_test_top.env_gpio.agent.seqr STREAM:1617}
  CREATE_STREAM @220000 {NAME:axi_wr_1 T:Transactions SCOPE:uvm_test_top.env_axi.write_agent.seqr STREAM:1083}
  CREATE_STREAM @220000 {NAME:axi_wr_1 T:Transactions SCOPE:uvm_test_top.env_axi.write_agent.seqr STREAM:1083}
  CREATE_STREAM @220000 {NAME:axi_wr_1 T:Transactions SCOPE:uvm_test_top.env_axi.write_agent.seqr STREAM:1083}
  CREATE_STREAM @220000 {NAME:axi_wr_1 T:Transactions SCOPE:uvm_test_top.env_axi.write_agent.seqr STREAM:1089}
  CREATE_STREAM @400000 {NAME:gpio_i T:Transactions SCOPE:uvm_test_top.env_gpio.agent.seqr STREAM:1235}
  CREATE_STREAM @220000 {NAME:axi_wr_1 T:Transactions SCOPE:uvm_test_top.env_axi.write_agent.seqr STREAM:1089}
  CREATE_STREAM @400000 {NAME:gpio_i T:Transactions SCOPE:uvm_test_top.env_gpio.agent.seqr STREAM:1235}
  CREATE_STREAM @220000 {NAME:axi_wr_1 T:Transactions SCOPE:uvm_test_top.env_axi.write_agent.seqr STREAM:1089}
  CREATE_STREAM @400000 {NAME:gpio_i T:Transactions SCOPE:uvm_test_top.env_gpio.agent.seqr STREAM:1235}
  CREATE_STREAM @220000 {NAME:axi_wr_1 T:Transactions SCOPE:uvm_test_top.env_axi.write_agent.seqr STREAM:1089}
  CREATE_STREAM @400000 {NAME:gpio_i T:Transactions SCOPE:uvm_test_top.env_gpio.agent.seqr STREAM:1235}
  CREATE_STREAM @220000 {NAME:axi_wr_1 T:Transactions SCOPE:uvm_test_top.env_axi.write_agent.seqr STREAM:1089}
  CREATE_STREAM @400000 {NAME:gpio_i T:Transactions SCOPE:uvm_test_top.env_gpio.agent.seqr STREAM:1235}
  CREATE_STREAM @220000 {NAME:axi_wr_1 T:Transactions SCOPE:uvm_test_top.env_axi.write_agent.seqr STREAM:1089}
  CREATE_STREAM @400000 {NAME:gpio_i T:Transactions SCOPE:uvm_test_top.env_gpio.agent.seqr STREAM:1235}
  CREATE_STREAM @220000 {NAME:axi_wr_1 T:Transactions SCOPE:uvm_test_top.env_axi.write_agent.seqr STREAM:1089}
  CREATE_STREAM @220000 {NAME:axi_wr_1 T:Transactions SCOPE:uvm_test_top.env_axi.write_agent.seqr STREAM:1089}
  CREATE_STREAM @400000 {NAME:gpio_i T:Transactions SCOPE:uvm_test_top.env_gpio.agent.seqr STREAM:1235}
  CREATE_STREAM @220000 {NAME:axi_wr_1 T:Transactions SCOPE:uvm_test_top.env_axi.write_agent.seqr STREAM:1089}
  CREATE_STREAM @400000 {NAME:gpio_i T:Transactions SCOPE:uvm_test_top.env_gpio.agent.seqr STREAM:1235}
  CREATE_STREAM @220000 {NAME:axi_wr_1 T:Transactions SCOPE:uvm_test_top.env_axi.write_agent.seqr STREAM:1089}
  CREATE_STREAM @400000 {NAME:gpio_i T:Transactions SCOPE:uvm_test_top.env_gpio.agent.seqr STREAM:1235}
  CREATE_STREAM @220000 {NAME:axi_wr_1 T:Transactions SCOPE:uvm_test_top.env_axi.write_agent.seqr STREAM:1095}
  CREATE_STREAM @400000 {NAME:axi_rd_1 T:Transactions SCOPE:uvm_test_top.env_axi.read_agent.sequencer STREAM:1241}
  CREATE_STREAM @560000 {NAME:gpio_i T:Transactions SCOPE:uvm_test_top.env_gpio.agent.seqr STREAM:1375}
  CREATE_STREAM @220000 {NAME:axi_wr_1 T:Transactions SCOPE:uvm_test_top.env_axi.write_agent.seqr STREAM:1095}
  CREATE_STREAM @400000 {NAME:axi_rd_1 T:Transactions SCOPE:uvm_test_top.env_axi.read_agent.sequencer STREAM:1241}
  CREATE_STREAM @560000 {NAME:gpio_i T:Transactions SCOPE:uvm_test_top.env_gpio.agent.seqr STREAM:1375}
  CREATE_STREAM @220000 {NAME:axi_wr_1 T:Transactions SCOPE:uvm_test_top.env_axi.write_agent.seqr STREAM:1095}
  CREATE_STREAM @400000 {NAME:gpio_i T:Transactions SCOPE:uvm_test_top.env_gpio.agent.seqr STREAM:1241}
  CREATE_STREAM @460000 {NAME:axi_rd_1 T:Transactions SCOPE:uvm_test_top.env_axi.read_agent.sequencer STREAM:1303}
  CREATE_STREAM @220000 {NAME:axi_wr_1 T:Transactions SCOPE:uvm_test_top.env_axi.write_agent.seqr STREAM:1095}
  CREATE_STREAM @400000 {NAME:gpio_i T:Transactions SCOPE:uvm_test_top.env_gpio.agent.seqr STREAM:1241}
  CREATE_STREAM @420000 {NAME:axi_rd_1 T:Transactions SCOPE:uvm_test_top.env_axi.read_agent.sequencer STREAM:1279}
  CREATE_STREAM @220000 {NAME:axi_wr_1 T:Transactions SCOPE:uvm_test_top.env_axi.write_agent.seqr STREAM:1095}
  CREATE_STREAM @400000 {NAME:gpio_i T:Transactions SCOPE:uvm_test_top.env_gpio.agent.seqr STREAM:1241}
  CREATE_STREAM @440000 {NAME:axi_rd_1 T:Transactions SCOPE:uvm_test_top.env_axi.read_agent.sequencer STREAM:1279}
  CREATE_STREAM @220000 {NAME:axi_wr_1 T:Transactions SCOPE:uvm_test_top.env_axi.write_agent.seqr STREAM:1093}
  CREATE_STREAM @400000 {NAME:gpio_i T:Transactions SCOPE:uvm_test_top.env_gpio.agent.seqr STREAM:1143}
  CREATE_STREAM @460000 {NAME:axi_rd_1 T:Transactions SCOPE:uvm_test_top.env_axi.read_agent.sequencer STREAM:1181}
  CREATE_STREAM @220000 {NAME:axi_wr_1 T:Transactions SCOPE:uvm_test_top.env_axi.write_agent.seqr STREAM:1093}
  CREATE_STREAM @400000 {NAME:axi_wr_2 T:Transactions SCOPE:uvm_test_top.env_axi.write_agent.seqr STREAM:1155}
  CREATE_STREAM @560000 {NAME:axi_rd_1 T:Transactions SCOPE:uvm_test_top.env_axi.read_agent.sequencer STREAM:1203}
  CREATE_STREAM @220000 {NAME:axi_wr_1 T:Transactions SCOPE:uvm_test_top.env_axi.write_agent.seqr STREAM:1093}
  CREATE_STREAM @400000 {NAME:axi_wr_2 T:Transactions SCOPE:uvm_test_top.env_axi.write_agent.seqr STREAM:1155}
  CREATE_STREAM @560000 {NAME:axi_rd_1 T:Transactions SCOPE:uvm_test_top.env_axi.read_agent.sequencer STREAM:1203}
  CREATE_STREAM @220000 {NAME:axi_wr_1 T:Transactions SCOPE:uvm_test_top.env_axi.write_agent.seqr STREAM:1093}
  CREATE_STREAM @400000 {NAME:axi_wr_2 T:Transactions SCOPE:uvm_test_top.env_axi.write_agent.seqr STREAM:1143}
  CREATE_STREAM @560000 {NAME:axi_rd_1 T:Transactions SCOPE:uvm_test_top.env_axi.read_agent.sequencer STREAM:1179}
  CREATE_STREAM @220000 {NAME:axi_wr_1 T:Transactions SCOPE:uvm_test_top.env_axi.write_agent.seqr STREAM:1099}
  CREATE_STREAM @220000 {NAME:axi_wr_1 T:Transactions SCOPE:uvm_test_top.env_axi.write_agent.seqr STREAM:1093}
  CREATE_STREAM @400000 {NAME:axi_wr_2 T:Transactions SCOPE:uvm_test_top.env_axi.write_agent.seqr STREAM:1155}
  CREATE_STREAM @560000 {NAME:axi_rd_1 T:Transactions SCOPE:uvm_test_top.env_axi.read_agent.sequencer STREAM:1203}
  CREATE_STREAM @220000 {NAME:axi_wr_1 T:Transactions SCOPE:uvm_test_top.env_axi.write_agent.seqr STREAM:1093}
  CREATE_STREAM @400000 {NAME:axi_wr_2 T:Transactions SCOPE:uvm_test_top.env_axi.write_agent.seqr STREAM:1155}
  CREATE_STREAM @560000 {NAME:axi_rd_1 T:Transactions SCOPE:uvm_test_top.env_axi.read_agent.sequencer STREAM:1203}
  CREATE_STREAM @220000 {NAME:axi_wr_1 T:Transactions SCOPE:uvm_test_top.env_axi.write_agent.seqr STREAM:1093}
  CREATE_STREAM @400000 {NAME:axi_wr_2 T:Transactions SCOPE:uvm_test_top.env_axi.write_agent.seqr STREAM:1155}
  CREATE_STREAM @560000 {NAME:axi_rd_1 T:Transactions SCOPE:uvm_test_top.env_axi.read_agent.sequencer STREAM:1203}
  CREATE_STREAM @220000 {NAME:axi_wr_1 T:Transactions SCOPE:uvm_test_top.env_axi.write_agent.seqr STREAM:1132}
  CREATE_STREAM @400000 {NAME:axi_wr_2 T:Transactions SCOPE:uvm_test_top.env_axi.write_agent.seqr STREAM:1194}
  CREATE_STREAM @560000 {NAME:axi_rd_1 T:Transactions SCOPE:uvm_test_top.env_axi.read_agent.sequencer STREAM:1242}
  CREATE_STREAM @220000 {NAME:axi_wr_1 T:Transactions SCOPE:uvm_test_top.env_axi.write_agent.seqr STREAM:1132}
  CREATE_STREAM @400000 {NAME:gpio_i T:Transactions SCOPE:uvm_test_top.env_gpio.agent.seqr STREAM:1182}
  CREATE_STREAM @460000 {NAME:axi_rd_1 T:Transactions SCOPE:uvm_test_top.env_axi.read_agent.sequencer STREAM:1220}
  CREATE_STREAM @220000 {NAME:axi_wr_1 T:Transactions SCOPE:uvm_test_top.env_axi.write_agent.seqr STREAM:1132}
  CREATE_STREAM @400000 {NAME:axi_wr_2 T:Transactions SCOPE:uvm_test_top.env_axi.write_agent.seqr STREAM:1196}
  CREATE_STREAM @560000 {NAME:axi_rd_1 T:Transactions SCOPE:uvm_test_top.env_axi.read_agent.sequencer STREAM:1246}
  CREATE_STREAM @220000 {NAME:axi_wr_1 T:Transactions SCOPE:uvm_test_top.env_axi.write_agent.seqr STREAM:1132}
  CREATE_STREAM @400000 {NAME:gpio_i T:Transactions SCOPE:uvm_test_top.env_gpio.agent.seqr STREAM:1184}
  CREATE_STREAM @460000 {NAME:axi_rd_1 T:Transactions SCOPE:uvm_test_top.env_axi.read_agent.sequencer STREAM:1222}
  CREATE_STREAM @220000 {NAME:axi_wr_1 T:Transactions SCOPE:uvm_test_top.env_axi.write_agent.seqr STREAM:1138}
  CREATE_STREAM @400000 {NAME:axi_wr_2 T:Transactions SCOPE:uvm_test_top.env_axi.write_agent.seqr STREAM:1190}
  CREATE_STREAM @560000 {NAME:gpio_i T:Transactions SCOPE:uvm_test_top.env_gpio.agent.seqr STREAM:1240}
  CREATE_STREAM @620000 {NAME:axi_rd_1 T:Transactions SCOPE:uvm_test_top.env_axi.read_agent.sequencer STREAM:1278}
  CREATE_STREAM @220000 {NAME:axi_wr_1 T:Transactions SCOPE:uvm_test_top.env_axi.write_agent.seqr STREAM:1138}
  CREATE_STREAM @400000 {NAME:axi_wr_2 T:Transactions SCOPE:uvm_test_top.env_axi.write_agent.seqr STREAM:1190}
  CREATE_STREAM @560000 {NAME:gpio_i T:Transactions SCOPE:uvm_test_top.env_gpio.agent.seqr STREAM:1240}
  CREATE_STREAM @620000 {NAME:axi_rd_1 T:Transactions SCOPE:uvm_test_top.env_axi.read_agent.sequencer STREAM:1278}
  CREATE_STREAM @220000 {NAME:axi_wr_1 T:Transactions SCOPE:uvm_test_top.env_axi.write_agent.seqr STREAM:1144}
  CREATE_STREAM @400000 {NAME:axi_wr_2 T:Transactions SCOPE:uvm_test_top.env_axi.write_agent.seqr STREAM:1196}
  CREATE_STREAM @560000 {NAME:axi_rd_2 T:Transactions SCOPE:uvm_test_top.env_axi.read_agent.sequencer STREAM:1246}
  CREATE_STREAM @720000 {NAME:gpio_i T:Transactions SCOPE:uvm_test_top.env_gpio.agent.seqr STREAM:1286}
  CREATE_STREAM @780000 {NAME:axi_rd_1 T:Transactions SCOPE:uvm_test_top.env_axi.read_agent.sequencer STREAM:1324}
  CREATE_STREAM @220000 {NAME:axi_wr_1 T:Transactions SCOPE:uvm_test_top.env_axi.write_agent.seqr STREAM:1144}
  CREATE_STREAM @400000 {NAME:axi_wr_2 T:Transactions SCOPE:uvm_test_top.env_axi.write_agent.seqr STREAM:1196}
  CREATE_STREAM @560000 {NAME:axi_rd_2 T:Transactions SCOPE:uvm_test_top.env_axi.read_agent.sequencer STREAM:1246}
  CREATE_STREAM @720000 {NAME:gpio_i T:Transactions SCOPE:uvm_test_top.env_gpio.agent.seqr STREAM:1286}
  CREATE_STREAM @780000 {NAME:axi_rd_1 T:Transactions SCOPE:uvm_test_top.env_axi.read_agent.sequencer STREAM:1324}
  CREATE_STREAM @220000 {NAME:axi_wr_1 T:Transactions SCOPE:uvm_test_top.env_axi.write_agent.seqr STREAM:1132}
  CREATE_STREAM @400000 {NAME:gpio_i T:Transactions SCOPE:uvm_test_top.env_gpio.agent.seqr STREAM:1184}
  CREATE_STREAM @460000 {NAME:axi_rd_1 T:Transactions SCOPE:uvm_test_top.env_axi.read_agent.sequencer STREAM:1222}
  CREATE_STREAM @220000 {NAME:axi_wr_1 T:Transactions SCOPE:uvm_test_top.env_axi.write_agent.seqr STREAM:1132}
  CREATE_STREAM @400000 {NAME:gpio_i T:Transactions SCOPE:uvm_test_top.env_gpio.agent.seqr STREAM:1184}
  CREATE_STREAM @460000 {NAME:axi_rd_1 T:Transactions SCOPE:uvm_test_top.env_axi.read_agent.sequencer STREAM:1222}
  CREATE_STREAM @220000 {NAME:axi_wr_1 T:Transactions SCOPE:uvm_test_top.env_axi.write_agent.seqr STREAM:1132}
  CREATE_STREAM @400000 {NAME:gpio_i T:Transactions SCOPE:uvm_test_top.env_gpio.agent.seqr STREAM:1184}
  CREATE_STREAM @460000 {NAME:axi_rd_1 T:Transactions SCOPE:uvm_test_top.env_axi.read_agent.sequencer STREAM:1222}
  CREATE_STREAM @220000 {NAME:axi_wr_1 T:Transactions SCOPE:uvm_test_top.env_axi.write_agent.seqr STREAM:1132}
  CREATE_STREAM @400000 {NAME:gpio_i T:Transactions SCOPE:uvm_test_top.env_gpio.agent.seqr STREAM:1184}
  CREATE_STREAM @460000 {NAME:axi_rd_1 T:Transactions SCOPE:uvm_test_top.env_axi.read_agent.sequencer STREAM:1222}
  CREATE_STREAM @220000 {NAME:axi_wr_1 T:Transactions SCOPE:uvm_test_top.env_axi.write_agent.seqr STREAM:1132}
  CREATE_STREAM @400000 {NAME:gpio_i T:Transactions SCOPE:uvm_test_top.env_gpio.agent.seqr STREAM:1184}
  CREATE_STREAM @460000 {NAME:axi_rd_1 T:Transactions SCOPE:uvm_test_top.env_axi.read_agent.sequencer STREAM:1222}
  CREATE_STREAM @220000 {NAME:axi_wr_1 T:Transactions SCOPE:uvm_test_top.env_axi.write_agent.seqr STREAM:1132}
  CREATE_STREAM @400000 {NAME:axi_wr_2 T:Transactions SCOPE:uvm_test_top.env_axi.write_agent.seqr STREAM:1196}
  CREATE_STREAM @560000 {NAME:axi_rd_1 T:Transactions SCOPE:uvm_test_top.env_axi.read_agent.sequencer STREAM:1246}
  CREATE_STREAM @220000 {NAME:axi_wr_1 T:Transactions SCOPE:uvm_test_top.env_axi.write_agent.seqr STREAM:1132}
  CREATE_STREAM @400000 {NAME:axi_wr_2 T:Transactions SCOPE:uvm_test_top.env_axi.write_agent.seqr STREAM:1196}
  CREATE_STREAM @560000 {NAME:axi_rd_1 T:Transactions SCOPE:uvm_test_top.env_axi.read_agent.sequencer STREAM:1246}
  CREATE_STREAM @220000 {NAME:axi_wr_1 T:Transactions SCOPE:uvm_test_top.env_axi.write_agent.seqr STREAM:1132}
  CREATE_STREAM @400000 {NAME:gpio_i T:Transactions SCOPE:uvm_test_top.env_gpio.agent.seqr STREAM:1184}
  CREATE_STREAM @460000 {NAME:axi_rd_1 T:Transactions SCOPE:uvm_test_top.env_axi.read_agent.sequencer STREAM:1222}
  CREATE_STREAM @220000 {NAME:axi_wr_1 T:Transactions SCOPE:uvm_test_top.env_axi.write_agent.seqr STREAM:1150}
  CREATE_STREAM @400000 {NAME:axi_wr_2 T:Transactions SCOPE:uvm_test_top.env_axi.write_agent.seqr STREAM:1202}
  CREATE_STREAM @560000 {NAME:gpio_1_i T:Transactions SCOPE:uvm_test_top.env_gpio.agent.seqr STREAM:1240}
  CREATE_STREAM @580000 {NAME:gpio_2_i T:Transactions SCOPE:uvm_test_top.env_gpio.agent.seqr STREAM:1266}
  CREATE_STREAM @640000 {NAME:axi_rd_1 T:Transactions SCOPE:uvm_test_top.env_axi.read_agent.sequencer STREAM:1314}
  CREATE_STREAM @800000 {NAME:axi_rd_2 T:Transactions SCOPE:uvm_test_top.env_axi.read_agent.sequencer STREAM:1354}
  CREATE_STREAM @220000 {NAME:axi_wr_1 T:Transactions SCOPE:uvm_test_top.env_axi.write_agent.seqr STREAM:1150}
  CREATE_STREAM @400000 {NAME:axi_wr_2 T:Transactions SCOPE:uvm_test_top.env_axi.write_agent.seqr STREAM:1214}
  CREATE_STREAM @560000 {NAME:axi_wr_3 T:Transactions SCOPE:uvm_test_top.env_axi.write_agent.seqr STREAM:1264}
  CREATE_STREAM @720000 {NAME:axi_wr_4 T:Transactions SCOPE:uvm_test_top.env_axi.write_agent.seqr STREAM:1314}
  CREATE_STREAM @880000 {NAME:axi_rd_1 T:Transactions SCOPE:uvm_test_top.env_axi.read_agent.sequencer STREAM:1364}
  CREATE_STREAM @1040000 {NAME:axi_rd_2 T:Transactions SCOPE:uvm_test_top.env_axi.read_agent.sequencer STREAM:1404}
  CREATE_STREAM @220000 {NAME:axi_wr_1 T:Transactions SCOPE:uvm_test_top.env_axi.write_agent.seqr STREAM:1138}
  CREATE_STREAM @560000 {NAME:gpio_1_i T:Transactions SCOPE:uvm_test_top.env_gpio.agent.seqr STREAM:1222}
  CREATE_STREAM @620000 {NAME:axi_rd_1 T:Transactions SCOPE:uvm_test_top.env_axi.read_agent.sequencer STREAM:1260}
  CREATE_STREAM @220000 {NAME:axi_wr_1 T:Transactions SCOPE:uvm_test_top.env_axi.write_agent.seqr STREAM:1144}
  CREATE_STREAM @400000 {NAME:axi_wr_3 T:Transactions SCOPE:uvm_test_top.env_axi.write_agent.seqr STREAM:1194}
  CREATE_STREAM @560000 {NAME:axi_wr_2 T:Transactions SCOPE:uvm_test_top.env_axi.write_agent.seqr STREAM:1242}
  CREATE_STREAM @720000 {NAME:gpio_1_i T:Transactions SCOPE:uvm_test_top.env_gpio.agent.seqr STREAM:1280}
  CREATE_STREAM @780000 {NAME:axi_rd_1 T:Transactions SCOPE:uvm_test_top.env_axi.read_agent.sequencer STREAM:1318}
  CREATE_STREAM @220000 {NAME:axi_wr_1 T:Transactions SCOPE:uvm_test_top.env_axi.write_agent.seqr STREAM:1144}
  CREATE_STREAM @400000 {NAME:axi_wr_3 T:Transactions SCOPE:uvm_test_top.env_axi.write_agent.seqr STREAM:1194}
  CREATE_STREAM @560000 {NAME:axi_wr_2 T:Transactions SCOPE:uvm_test_top.env_axi.write_agent.seqr STREAM:1242}
  CREATE_STREAM @720000 {NAME:gpio_1_i T:Transactions SCOPE:uvm_test_top.env_gpio.agent.seqr STREAM:1280}
  CREATE_STREAM @780000 {NAME:axi_rd_1 T:Transactions SCOPE:uvm_test_top.env_axi.read_agent.sequencer STREAM:1318}
  CREATE_STREAM @220000 {NAME:axi_wr_1 T:Transactions SCOPE:uvm_test_top.env_axi.write_agent.seqr STREAM:1150}
  CREATE_STREAM @400000 {NAME:axi_wr_3 T:Transactions SCOPE:uvm_test_top.env_axi.write_agent.seqr STREAM:1200}
  CREATE_STREAM @560000 {NAME:axi_wr_2 T:Transactions SCOPE:uvm_test_top.env_axi.write_agent.seqr STREAM:1248}
  CREATE_STREAM @720000 {NAME:gpio_1_i T:Transactions SCOPE:uvm_test_top.env_gpio.agent.seqr STREAM:1286}
  CREATE_STREAM @780000 {NAME:axi_rd_1 T:Transactions SCOPE:uvm_test_top.env_axi.read_agent.sequencer STREAM:1324}
  CREATE_STREAM @940000 {NAME:gpio_2_i T:Transactions SCOPE:uvm_test_top.env_gpio.agent.seqr STREAM:1364}
  CREATE_STREAM @220000 {NAME:axi_wr_1 T:Transactions SCOPE:uvm_test_top.env_axi.write_agent.seqr STREAM:1150}
  CREATE_STREAM @400000 {NAME:axi_wr_3 T:Transactions SCOPE:uvm_test_top.env_axi.write_agent.seqr STREAM:1200}
  CREATE_STREAM @560000 {NAME:axi_wr_2 T:Transactions SCOPE:uvm_test_top.env_axi.write_agent.seqr STREAM:1248}
  CREATE_STREAM @720000 {NAME:gpio_1_i T:Transactions SCOPE:uvm_test_top.env_gpio.agent.seqr STREAM:1286}
  CREATE_STREAM @780000 {NAME:gpio_2_i T:Transactions SCOPE:uvm_test_top.env_gpio.agent.seqr STREAM:1324}
  CREATE_STREAM @220000 {NAME:axi_wr_1 T:Transactions SCOPE:uvm_test_top.env_axi.write_agent.seqr STREAM:1150}
  CREATE_STREAM @400000 {NAME:axi_wr_3 T:Transactions SCOPE:uvm_test_top.env_axi.write_agent.seqr STREAM:1200}
  CREATE_STREAM @560000 {NAME:axi_wr_2 T:Transactions SCOPE:uvm_test_top.env_axi.write_agent.seqr STREAM:1248}
  CREATE_STREAM @720000 {NAME:gpio_1_i T:Transactions SCOPE:uvm_test_top.env_gpio.agent.seqr STREAM:1286}
  CREATE_STREAM @820000 {NAME:gpio_2_i T:Transactions SCOPE:uvm_test_top.env_gpio.agent.seqr STREAM:1324}
  CREATE_STREAM @220000 {NAME:axi_wr_1 T:Transactions SCOPE:uvm_test_top.env_axi.write_agent.seqr STREAM:1150}
  CREATE_STREAM @400000 {NAME:axi_wr_3 T:Transactions SCOPE:uvm_test_top.env_axi.write_agent.seqr STREAM:1200}
  CREATE_STREAM @560000 {NAME:axi_wr_2 T:Transactions SCOPE:uvm_test_top.env_axi.write_agent.seqr STREAM:1248}
  CREATE_STREAM @720000 {NAME:gpio_1_i T:Transactions SCOPE:uvm_test_top.env_gpio.agent.seqr STREAM:1286}
  CREATE_STREAM @820000 {NAME:gpio_2_i T:Transactions SCOPE:uvm_test_top.env_gpio.agent.seqr STREAM:1324}
  CREATE_STREAM @220000 {NAME:axi_wr_1 T:Transactions SCOPE:uvm_test_top.env_axi.write_agent.seqr STREAM:1150}
  CREATE_STREAM @400000 {NAME:axi_wr_3 T:Transactions SCOPE:uvm_test_top.env_axi.write_agent.seqr STREAM:1200}
  CREATE_STREAM @560000 {NAME:axi_wr_2 T:Transactions SCOPE:uvm_test_top.env_axi.write_agent.seqr STREAM:1248}
  CREATE_STREAM @720000 {NAME:gpio_1_i T:Transactions SCOPE:uvm_test_top.env_gpio.agent.seqr STREAM:1286}
  CREATE_STREAM @820000 {NAME:gpio_2_i T:Transactions SCOPE:uvm_test_top.env_gpio.agent.seqr STREAM:1324}
  CREATE_STREAM @220000 {NAME:axi_wr_1 T:Transactions SCOPE:uvm_test_top.env_axi.write_agent.seqr STREAM:1132}
  CREATE_STREAM @400000 {NAME:gpio_i T:Transactions SCOPE:uvm_test_top.env_gpio.agent.seqr STREAM:1184}
  CREATE_STREAM @440000 {NAME:axi_rd_1 T:Transactions SCOPE:uvm_test_top.env_axi.read_agent.sequencer STREAM:1210}
  CREATE_STREAM @220000 {NAME:axi_wr_1 T:Transactions SCOPE:uvm_test_top.env_axi.write_agent.seqr STREAM:1132}
  CREATE_STREAM @400000 {NAME:gpio_i T:Transactions SCOPE:uvm_test_top.env_gpio.agent.seqr STREAM:1184}
  CREATE_STREAM @460000 {NAME:axi_rd_1 T:Transactions SCOPE:uvm_test_top.env_axi.read_agent.sequencer STREAM:1210}
  CREATE_STREAM @220000 {NAME:axi_wr_1 T:Transactions SCOPE:uvm_test_top.env_axi.write_agent.seqr STREAM:1132}
  CREATE_STREAM @400000 {NAME:gpio_i T:Transactions SCOPE:uvm_test_top.env_gpio.agent.seqr STREAM:1184}
  CREATE_STREAM @460000 {NAME:axi_rd_1 T:Transactions SCOPE:uvm_test_top.env_axi.read_agent.sequencer STREAM:1210}
  CREATE_STREAM @220000 {NAME:axi_wr_1 T:Transactions SCOPE:uvm_test_top.env_axi.write_agent.seqr STREAM:1150}
  CREATE_STREAM @400000 {NAME:gpio_i T:Transactions SCOPE:uvm_test_top.env_gpio.agent.seqr STREAM:1202}
  CREATE_STREAM @460000 {NAME:axi_wr_3 T:Transactions SCOPE:uvm_test_top.env_axi.write_agent.seqr STREAM:1228}
  CREATE_STREAM @620000 {NAME:axi_wr_4 T:Transactions SCOPE:uvm_test_top.env_axi.write_agent.seqr STREAM:1278}
  CREATE_STREAM @780000 {NAME:axi_rd_1 T:Transactions SCOPE:uvm_test_top.env_axi.read_agent.sequencer STREAM:1328}
  CREATE_STREAM @940000 {NAME:axi_rd_2 T:Transactions SCOPE:uvm_test_top.env_axi.read_agent.sequencer STREAM:1368}
  CREATE_STREAM @220000 {NAME:axi_wr_1 T:Transactions SCOPE:uvm_test_top.env_axi.write_agent.seqr STREAM:1156}
  CREATE_STREAM @400000 {NAME:axi_wr_2 T:Transactions SCOPE:uvm_test_top.env_axi.write_agent.seqr STREAM:1208}
  CREATE_STREAM @560000 {NAME:axi_wr_3 T:Transactions SCOPE:uvm_test_top.env_axi.write_agent.seqr STREAM:1258}
  CREATE_STREAM @720000 {NAME:axi_wr_4 T:Transactions SCOPE:uvm_test_top.env_axi.write_agent.seqr STREAM:1308}
  CREATE_STREAM @880000 {NAME:gpio_i T:Transactions SCOPE:uvm_test_top.env_gpio.agent.seqr STREAM:1358}
  CREATE_STREAM @940000 {NAME:axi_rd_1 T:Transactions SCOPE:uvm_test_top.env_axi.read_agent.sequencer STREAM:1384}
  CREATE_STREAM @1100000 {NAME:axi_rd_2 T:Transactions SCOPE:uvm_test_top.env_axi.read_agent.sequencer STREAM:1424}
  CREATE_STREAM @220000 {NAME:axi_wr_1 T:Transactions SCOPE:uvm_test_top.env_axi.write_agent.seqr STREAM:1156}
  CREATE_STREAM @400000 {NAME:axi_wr_2 T:Transactions SCOPE:uvm_test_top.env_axi.write_agent.seqr STREAM:1208}
  CREATE_STREAM @560000 {NAME:axi_wr_3 T:Transactions SCOPE:uvm_test_top.env_axi.write_agent.seqr STREAM:1258}
  CREATE_STREAM @720000 {NAME:axi_wr_4 T:Transactions SCOPE:uvm_test_top.env_axi.write_agent.seqr STREAM:1308}
  CREATE_STREAM @880000 {NAME:gpio_i T:Transactions SCOPE:uvm_test_top.env_gpio.agent.seqr STREAM:1358}
  CREATE_STREAM @940000 {NAME:axi_rd_1 T:Transactions SCOPE:uvm_test_top.env_axi.read_agent.sequencer STREAM:1384}
  CREATE_STREAM @1100000 {NAME:axi_rd_2 T:Transactions SCOPE:uvm_test_top.env_axi.read_agent.sequencer STREAM:1424}
  CREATE_STREAM @220000 {NAME:axi_wr_1 T:Transactions SCOPE:uvm_test_top.env_axi.write_agent.seqr STREAM:1156}
  CREATE_STREAM @400000 {NAME:axi_wr_2 T:Transactions SCOPE:uvm_test_top.env_axi.write_agent.seqr STREAM:1220}
  CREATE_STREAM @560000 {NAME:axi_wr_3 T:Transactions SCOPE:uvm_test_top.env_axi.write_agent.seqr STREAM:1270}
  CREATE_STREAM @720000 {NAME:axi_wr_4 T:Transactions SCOPE:uvm_test_top.env_axi.write_agent.seqr STREAM:1308}
  CREATE_STREAM @880000 {NAME:gpio_i T:Transactions SCOPE:uvm_test_top.env_gpio.agent.seqr STREAM:1358}
  CREATE_STREAM @940000 {NAME:axi_rd_1 T:Transactions SCOPE:uvm_test_top.env_axi.read_agent.sequencer STREAM:1384}
  CREATE_STREAM @1100000 {NAME:axi_rd_2 T:Transactions SCOPE:uvm_test_top.env_axi.read_agent.sequencer STREAM:1424}
  CREATE_STREAM @220000 {NAME:axi_wr_1 T:Transactions SCOPE:uvm_test_top.env_axi.write_agent.seqr STREAM:1150}
  CREATE_STREAM @400000 {NAME:axi_wr_3 T:Transactions SCOPE:uvm_test_top.env_axi.write_agent.seqr STREAM:1200}
  CREATE_STREAM @560000 {NAME:axi_wr_2 T:Transactions SCOPE:uvm_test_top.env_axi.write_agent.seqr STREAM:1248}
  CREATE_STREAM @720000 {NAME:axi_wr_4 T:Transactions SCOPE:uvm_test_top.env_axi.write_agent.seqr STREAM:1286}
  CREATE_STREAM @880000 {NAME:gpio_i T:Transactions SCOPE:uvm_test_top.env_gpio.agent.seqr STREAM:1324}
  CREATE_STREAM @220000 {NAME:axi_wr_1 T:Transactions SCOPE:uvm_test_top.env_axi.write_agent.seqr STREAM:1162}
  CREATE_STREAM @400000 {NAME:axi_wr_3 T:Transactions SCOPE:uvm_test_top.env_axi.write_agent.seqr STREAM:1212}
  CREATE_STREAM @560000 {NAME:axi_wr_2 T:Transactions SCOPE:uvm_test_top.env_axi.write_agent.seqr STREAM:1260}
  CREATE_STREAM @720000 {NAME:axi_wr_4 T:Transactions SCOPE:uvm_test_top.env_axi.write_agent.seqr STREAM:1298}
  CREATE_STREAM @880000 {NAME:gpio_i T:Transactions SCOPE:uvm_test_top.env_gpio.agent.seqr STREAM:1336}
  CREATE_STREAM @220000 {NAME:axi_wr_1 T:Transactions SCOPE:uvm_test_top.env_axi.write_agent.seqr STREAM:1162}
  CREATE_STREAM @400000 {NAME:axi_wr_3 T:Transactions SCOPE:uvm_test_top.env_axi.write_agent.seqr STREAM:1212}
  CREATE_STREAM @560000 {NAME:axi_wr_2 T:Transactions SCOPE:uvm_test_top.env_axi.write_agent.seqr STREAM:1260}
  CREATE_STREAM @720000 {NAME:axi_wr_4 T:Transactions SCOPE:uvm_test_top.env_axi.write_agent.seqr STREAM:1298}
  CREATE_STREAM @880000 {NAME:gpio_i T:Transactions SCOPE:uvm_test_top.env_gpio.agent.seqr STREAM:1336}
  CREATE_STREAM @960000 {NAME:axi_rd_3 T:Transactions SCOPE:uvm_test_top.env_axi.read_agent.sequencer STREAM:1384}
  CREATE_STREAM @220000 {NAME:axi_wr_1 T:Transactions SCOPE:uvm_test_top.env_axi.write_agent.seqr STREAM:1162}
  CREATE_STREAM @400000 {NAME:axi_wr_3 T:Transactions SCOPE:uvm_test_top.env_axi.write_agent.seqr STREAM:1212}
  CREATE_STREAM @560000 {NAME:axi_wr_2 T:Transactions SCOPE:uvm_test_top.env_axi.write_agent.seqr STREAM:1260}
  CREATE_STREAM @720000 {NAME:axi_wr_4 T:Transactions SCOPE:uvm_test_top.env_axi.write_agent.seqr STREAM:1298}
  CREATE_STREAM @880000 {NAME:gpio_i T:Transactions SCOPE:uvm_test_top.env_gpio.agent.seqr STREAM:1336}
  CREATE_STREAM @220000 {NAME:axi_wr_1 T:Transactions SCOPE:uvm_test_top.env_axi.write_agent.seqr STREAM:1162}
  CREATE_STREAM @400000 {NAME:axi_wr_3 T:Transactions SCOPE:uvm_test_top.env_axi.write_agent.seqr STREAM:1212}
  CREATE_STREAM @560000 {NAME:axi_wr_2 T:Transactions SCOPE:uvm_test_top.env_axi.write_agent.seqr STREAM:1260}
  CREATE_STREAM @720000 {NAME:axi_wr_4 T:Transactions SCOPE:uvm_test_top.env_axi.write_agent.seqr STREAM:1298}
  CREATE_STREAM @880000 {NAME:gpio_i T:Transactions SCOPE:uvm_test_top.env_gpio.agent.seqr STREAM:1336}
  CREATE_STREAM @1160000 {NAME:axi_rd_3 T:Transactions SCOPE:uvm_test_top.env_axi.read_agent.sequencer STREAM:1396}
  CREATE_STREAM @220000 {NAME:axi_wr_1 T:Transactions SCOPE:uvm_test_top.env_axi.write_agent.seqr STREAM:1168}
  CREATE_STREAM @400000 {NAME:axi_wr_3 T:Transactions SCOPE:uvm_test_top.env_axi.write_agent.seqr STREAM:1218}
  CREATE_STREAM @560000 {NAME:axi_wr_2 T:Transactions SCOPE:uvm_test_top.env_axi.write_agent.seqr STREAM:1266}
  CREATE_STREAM @720000 {NAME:axi_wr_4 T:Transactions SCOPE:uvm_test_top.env_axi.write_agent.seqr STREAM:1304}
  CREATE_STREAM @880000 {NAME:gpio_i T:Transactions SCOPE:uvm_test_top.env_gpio.agent.seqr STREAM:1342}
  CREATE_STREAM @1160000 {NAME:axi_wr_5 T:Transactions SCOPE:uvm_test_top.env_axi.write_agent.seqr STREAM:1402}
  CREATE_STREAM @1320000 {NAME:axi_rd_3 T:Transactions SCOPE:uvm_test_top.env_axi.read_agent.sequencer STREAM:1450}
  CREATE_STREAM @220000 {NAME:axi_wr_1 T:Transactions SCOPE:uvm_test_top.env_axi.write_agent.seqr STREAM:1162}
  CREATE_STREAM @400000 {NAME:axi_wr_3 T:Transactions SCOPE:uvm_test_top.env_axi.write_agent.seqr STREAM:1212}
  CREATE_STREAM @560000 {NAME:axi_wr_2 T:Transactions SCOPE:uvm_test_top.env_axi.write_agent.seqr STREAM:1260}
  CREATE_STREAM @720000 {NAME:axi_wr_4 T:Transactions SCOPE:uvm_test_top.env_axi.write_agent.seqr STREAM:1298}
  CREATE_STREAM @880000 {NAME:gpio_i T:Transactions SCOPE:uvm_test_top.env_gpio.agent.seqr STREAM:1336}
  CREATE_STREAM @1160000 {NAME:axi_wr_5 T:Transactions SCOPE:uvm_test_top.env_axi.write_agent.seqr STREAM:1396}
  CREATE_STREAM @1320000 {NAME:axi_rd_1 T:Transactions SCOPE:uvm_test_top.env_axi.read_agent.sequencer STREAM:1444}
  CREATE_STREAM @1480000 {NAME:axi_rd_2 T:Transactions SCOPE:uvm_test_top.env_axi.read_agent.sequencer STREAM:1484}
  CREATE_STREAM @220000 {NAME:axi_wr_1 T:Transactions SCOPE:uvm_test_top.env_axi.write_agent.seqr STREAM:1162}
  CREATE_STREAM @400000 {NAME:axi_wr_3 T:Transactions SCOPE:uvm_test_top.env_axi.write_agent.seqr STREAM:1212}
  CREATE_STREAM @560000 {NAME:axi_wr_2 T:Transactions SCOPE:uvm_test_top.env_axi.write_agent.seqr STREAM:1260}
  CREATE_STREAM @720000 {NAME:axi_wr_4 T:Transactions SCOPE:uvm_test_top.env_axi.write_agent.seqr STREAM:1298}
  CREATE_STREAM @880000 {NAME:gpio_i T:Transactions SCOPE:uvm_test_top.env_gpio.agent.seqr STREAM:1336}
  CREATE_STREAM @1120000 {NAME:axi_wr_5 T:Transactions SCOPE:uvm_test_top.env_axi.write_agent.seqr STREAM:1384}
  CREATE_STREAM @1280000 {NAME:axi_rd_1 T:Transactions SCOPE:uvm_test_top.env_axi.read_agent.sequencer STREAM:1444}
  CREATE_STREAM @1440000 {NAME:axi_rd_2 T:Transactions SCOPE:uvm_test_top.env_axi.read_agent.sequencer STREAM:1484}
  CREATE_STREAM @220000 {NAME:axi_wr_1 T:Transactions SCOPE:uvm_test_top.env_axi.write_agent.seqr STREAM:1162}
  CREATE_STREAM @400000 {NAME:axi_wr_3 T:Transactions SCOPE:uvm_test_top.env_axi.write_agent.seqr STREAM:1212}
  CREATE_STREAM @560000 {NAME:axi_wr_2 T:Transactions SCOPE:uvm_test_top.env_axi.write_agent.seqr STREAM:1260}
  CREATE_STREAM @720000 {NAME:axi_wr_4 T:Transactions SCOPE:uvm_test_top.env_axi.write_agent.seqr STREAM:1298}
  CREATE_STREAM @880000 {NAME:gpio_i T:Transactions SCOPE:uvm_test_top.env_gpio.agent.seqr STREAM:1336}
  CREATE_STREAM @1120000 {NAME:axi_wr_5 T:Transactions SCOPE:uvm_test_top.env_axi.write_agent.seqr STREAM:1384}
  CREATE_STREAM @1280000 {NAME:axi_rd_1 T:Transactions SCOPE:uvm_test_top.env_axi.read_agent.sequencer STREAM:1444}
  CREATE_STREAM @1440000 {NAME:axi_rd_2 T:Transactions SCOPE:uvm_test_top.env_axi.read_agent.sequencer STREAM:1484}
  CREATE_STREAM @220000 {NAME:axi_wr_1 T:Transactions SCOPE:uvm_test_top.env_axi.write_agent.seqr STREAM:1162}
  CREATE_STREAM @400000 {NAME:axi_wr_3 T:Transactions SCOPE:uvm_test_top.env_axi.write_agent.seqr STREAM:1212}
  CREATE_STREAM @560000 {NAME:axi_wr_2 T:Transactions SCOPE:uvm_test_top.env_axi.write_agent.seqr STREAM:1260}
  CREATE_STREAM @720000 {NAME:axi_wr_4 T:Transactions SCOPE:uvm_test_top.env_axi.write_agent.seqr STREAM:1298}
  CREATE_STREAM @880000 {NAME:gpio_i T:Transactions SCOPE:uvm_test_top.env_gpio.agent.seqr STREAM:1336}
  CREATE_STREAM @1120000 {NAME:axi_wr_5 T:Transactions SCOPE:uvm_test_top.env_axi.write_agent.seqr STREAM:1384}
  CREATE_STREAM @1280000 {NAME:axi_rd_1 T:Transactions SCOPE:uvm_test_top.env_axi.read_agent.sequencer STREAM:1444}
  CREATE_STREAM @1440000 {NAME:axi_rd_2 T:Transactions SCOPE:uvm_test_top.env_axi.read_agent.sequencer STREAM:1484}
  CREATE_STREAM @220000 {NAME:axi_wr_1 T:Transactions SCOPE:uvm_test_top.env_axi.write_agent.seqr STREAM:1162}
  CREATE_STREAM @400000 {NAME:axi_wr_3 T:Transactions SCOPE:uvm_test_top.env_axi.write_agent.seqr STREAM:1212}
  CREATE_STREAM @560000 {NAME:axi_wr_2 T:Transactions SCOPE:uvm_test_top.env_axi.write_agent.seqr STREAM:1260}
  CREATE_STREAM @720000 {NAME:axi_wr_4 T:Transactions SCOPE:uvm_test_top.env_axi.write_agent.seqr STREAM:1298}
  CREATE_STREAM @880000 {NAME:gpio_i T:Transactions SCOPE:uvm_test_top.env_gpio.agent.seqr STREAM:1336}
  CREATE_STREAM @1120000 {NAME:axi_wr_5 T:Transactions SCOPE:uvm_test_top.env_axi.write_agent.seqr STREAM:1384}
  CREATE_STREAM @1280000 {NAME:axi_rd_1 T:Transactions SCOPE:uvm_test_top.env_axi.read_agent.sequencer STREAM:1444}
  CREATE_STREAM @1440000 {NAME:axi_rd_2 T:Transactions SCOPE:uvm_test_top.env_axi.read_agent.sequencer STREAM:1484}
  CREATE_STREAM @220000 {NAME:axi_wr_1 T:Transactions SCOPE:uvm_test_top.env_axi.write_agent.seqr STREAM:1162}
  CREATE_STREAM @400000 {NAME:axi_wr_3 T:Transactions SCOPE:uvm_test_top.env_axi.write_agent.seqr STREAM:1212}
  CREATE_STREAM @560000 {NAME:axi_wr_2 T:Transactions SCOPE:uvm_test_top.env_axi.write_agent.seqr STREAM:1260}
  CREATE_STREAM @720000 {NAME:axi_wr_4 T:Transactions SCOPE:uvm_test_top.env_axi.write_agent.seqr STREAM:1298}
  CREATE_STREAM @880000 {NAME:gpio_i T:Transactions SCOPE:uvm_test_top.env_gpio.agent.seqr STREAM:1336}
  CREATE_STREAM @1120000 {NAME:axi_wr_5 T:Transactions SCOPE:uvm_test_top.env_axi.write_agent.seqr STREAM:1384}
  CREATE_STREAM @1280000 {NAME:axi_rd_1 T:Transactions SCOPE:uvm_test_top.env_axi.read_agent.sequencer STREAM:1444}
  CREATE_STREAM @1440000 {NAME:axi_rd_2 T:Transactions SCOPE:uvm_test_top.env_axi.read_agent.sequencer STREAM:1484}
  CREATE_STREAM @220000 {NAME:axi_wr_1 T:Transactions SCOPE:uvm_test_top.env_axi.write_agent.seqr STREAM:1174}
  CREATE_STREAM @400000 {NAME:axi_wr_3 T:Transactions SCOPE:uvm_test_top.env_axi.write_agent.seqr STREAM:1224}
  CREATE_STREAM @560000 {NAME:axi_wr_2 T:Transactions SCOPE:uvm_test_top.env_axi.write_agent.seqr STREAM:1272}
  CREATE_STREAM @720000 {NAME:axi_wr_4 T:Transactions SCOPE:uvm_test_top.env_axi.write_agent.seqr STREAM:1310}
  CREATE_STREAM @880000 {NAME:gpio_i T:Transactions SCOPE:uvm_test_top.env_gpio.agent.seqr STREAM:1348}
  CREATE_STREAM @1120000 {NAME:axi_wr_5 T:Transactions SCOPE:uvm_test_top.env_axi.write_agent.seqr STREAM:1396}
  CREATE_STREAM @1280000 {NAME:axi_rd_1 T:Transactions SCOPE:uvm_test_top.env_axi.read_agent.sequencer STREAM:1456}
  CREATE_STREAM @1440000 {NAME:axi_rd_2 T:Transactions SCOPE:uvm_test_top.env_axi.read_agent.sequencer STREAM:1496}
  CREATE_STREAM @1780000 {NAME:axi_wr_6 T:Transactions SCOPE:uvm_test_top.env_axi.write_agent.seqr STREAM:1556}
  CREATE_STREAM @2440000 {NAME:axi_wr_7 T:Transactions SCOPE:uvm_test_top.env_axi.write_agent.seqr STREAM:1710}
  CREATE_STREAM @220000 {NAME:axi_wr_1 T:Transactions SCOPE:uvm_test_top.env_axi.write_agent.seqr STREAM:1180}
  CREATE_STREAM @400000 {NAME:axi_wr_3 T:Transactions SCOPE:uvm_test_top.env_axi.write_agent.seqr STREAM:1230}
  CREATE_STREAM @560000 {NAME:axi_wr_2 T:Transactions SCOPE:uvm_test_top.env_axi.write_agent.seqr STREAM:1278}
  CREATE_STREAM @720000 {NAME:axi_wr_4 T:Transactions SCOPE:uvm_test_top.env_axi.write_agent.seqr STREAM:1316}
  CREATE_STREAM @880000 {NAME:axi_rd_3 T:Transactions SCOPE:uvm_test_top.env_axi.read_agent.sequencer STREAM:1354}
  CREATE_STREAM @220000 {NAME:axi_wr_1 T:Transactions SCOPE:uvm_test_top.env_axi.write_agent.seqr STREAM:1180}
  CREATE_STREAM @400000 {NAME:axi_wr_3 T:Transactions SCOPE:uvm_test_top.env_axi.write_agent.seqr STREAM:1230}
  CREATE_STREAM @560000 {NAME:axi_wr_2 T:Transactions SCOPE:uvm_test_top.env_axi.write_agent.seqr STREAM:1278}
  CREATE_STREAM @720000 {NAME:axi_wr_4 T:Transactions SCOPE:uvm_test_top.env_axi.write_agent.seqr STREAM:1316}
  CREATE_STREAM @880000 {NAME:axi_rd_3 T:Transactions SCOPE:uvm_test_top.env_axi.read_agent.sequencer STREAM:1354}
  CREATE_STREAM @220000 {NAME:axi_wr_1 T:Transactions SCOPE:uvm_test_top.env_axi.write_agent.seqr STREAM:1180}
  CREATE_STREAM @400000 {NAME:axi_wr_3 T:Transactions SCOPE:uvm_test_top.env_axi.write_agent.seqr STREAM:1230}
  CREATE_STREAM @560000 {NAME:axi_wr_2 T:Transactions SCOPE:uvm_test_top.env_axi.write_agent.seqr STREAM:1278}
  CREATE_STREAM @720000 {NAME:axi_wr_4 T:Transactions SCOPE:uvm_test_top.env_axi.write_agent.seqr STREAM:1316}
  CREATE_STREAM @880000 {NAME:axi_rd_3 T:Transactions SCOPE:uvm_test_top.env_axi.read_agent.sequencer STREAM:1354}
  CREATE_STREAM @220000 {NAME:axi_wr_1 T:Transactions SCOPE:uvm_test_top.env_axi.write_agent.seqr STREAM:1180}
  CREATE_STREAM @400000 {NAME:axi_wr_3 T:Transactions SCOPE:uvm_test_top.env_axi.write_agent.seqr STREAM:1230}
  CREATE_STREAM @560000 {NAME:axi_wr_2 T:Transactions SCOPE:uvm_test_top.env_axi.write_agent.seqr STREAM:1278}
  CREATE_STREAM @720000 {NAME:axi_wr_4 T:Transactions SCOPE:uvm_test_top.env_axi.write_agent.seqr STREAM:1316}
  CREATE_STREAM @880000 {NAME:axi_rd_3 T:Transactions SCOPE:uvm_test_top.env_axi.read_agent.sequencer STREAM:1354}
  CREATE_STREAM @220000 {NAME:axi_wr_1 T:Transactions SCOPE:uvm_test_top.env_axi.write_agent.seqr STREAM:1180}
  CREATE_STREAM @400000 {NAME:axi_wr_3 T:Transactions SCOPE:uvm_test_top.env_axi.write_agent.seqr STREAM:1230}
  CREATE_STREAM @560000 {NAME:axi_wr_2 T:Transactions SCOPE:uvm_test_top.env_axi.write_agent.seqr STREAM:1278}
  CREATE_STREAM @720000 {NAME:axi_wr_4 T:Transactions SCOPE:uvm_test_top.env_axi.write_agent.seqr STREAM:1316}
  CREATE_STREAM @880000 {NAME:axi_rd_3 T:Transactions SCOPE:uvm_test_top.env_axi.read_agent.sequencer STREAM:1354}
  CREATE_STREAM @1040000 {NAME:gpio_i T:Transactions SCOPE:uvm_test_top.env_gpio.agent.seqr STREAM:1392}
  CREATE_STREAM @1280000 {NAME:axi_wr_5 T:Transactions SCOPE:uvm_test_top.env_axi.write_agent.seqr STREAM:1440}
  CREATE_STREAM @1440000 {NAME:axi_rd_1 T:Transactions SCOPE:uvm_test_top.env_axi.read_agent.sequencer STREAM:1500}
  CREATE_STREAM @1600000 {NAME:axi_rd_2 T:Transactions SCOPE:uvm_test_top.env_axi.read_agent.sequencer STREAM:1538}
  CREATE_STREAM @220000 {NAME:axi_wr_1 T:Transactions SCOPE:uvm_test_top.env_axi.write_agent.seqr STREAM:1174}
  CREATE_STREAM @400000 {NAME:axi_wr_3 T:Transactions SCOPE:uvm_test_top.env_axi.write_agent.seqr STREAM:1224}
  CREATE_STREAM @560000 {NAME:axi_wr_2 T:Transactions SCOPE:uvm_test_top.env_axi.write_agent.seqr STREAM:1272}
  CREATE_STREAM @720000 {NAME:axi_wr_4 T:Transactions SCOPE:uvm_test_top.env_axi.write_agent.seqr STREAM:1310}
  CREATE_STREAM @880000 {NAME:gpio_i T:Transactions SCOPE:uvm_test_top.env_gpio.agent.seqr STREAM:1348}
  CREATE_STREAM @1120000 {NAME:axi_wr_5 T:Transactions SCOPE:uvm_test_top.env_axi.write_agent.seqr STREAM:1396}
  CREATE_STREAM @1280000 {NAME:axi_rd_1 T:Transactions SCOPE:uvm_test_top.env_axi.read_agent.sequencer STREAM:1456}
  CREATE_STREAM @1440000 {NAME:axi_rd_2 T:Transactions SCOPE:uvm_test_top.env_axi.read_agent.sequencer STREAM:1496}
  CREATE_STREAM @1780000 {NAME:axi_wr_6 T:Transactions SCOPE:uvm_test_top.env_axi.write_agent.seqr STREAM:1556}
  CREATE_STREAM @2440000 {NAME:axi_wr_7 T:Transactions SCOPE:uvm_test_top.env_axi.write_agent.seqr STREAM:1710}
  CREATE_STREAM @220000 {NAME:axi_wr_1 T:Transactions SCOPE:uvm_test_top.env_axi.write_agent.seqr STREAM:1174}
  CREATE_STREAM @400000 {NAME:axi_wr_3 T:Transactions SCOPE:uvm_test_top.env_axi.write_agent.seqr STREAM:1224}
  CREATE_STREAM @560000 {NAME:axi_wr_2 T:Transactions SCOPE:uvm_test_top.env_axi.write_agent.seqr STREAM:1272}
  CREATE_STREAM @720000 {NAME:axi_wr_4 T:Transactions SCOPE:uvm_test_top.env_axi.write_agent.seqr STREAM:1310}
  CREATE_STREAM @880000 {NAME:gpio_i T:Transactions SCOPE:uvm_test_top.env_gpio.agent.seqr STREAM:1348}
  CREATE_STREAM @1120000 {NAME:axi_wr_5 T:Transactions SCOPE:uvm_test_top.env_axi.write_agent.seqr STREAM:1398}
  CREATE_STREAM @1280000 {NAME:axi_rd_1 T:Transactions SCOPE:uvm_test_top.env_axi.read_agent.sequencer STREAM:1460}
  CREATE_STREAM @1440000 {NAME:axi_rd_2 T:Transactions SCOPE:uvm_test_top.env_axi.read_agent.sequencer STREAM:1500}
  CREATE_STREAM @1780000 {NAME:axi_wr_6 T:Transactions SCOPE:uvm_test_top.env_axi.write_agent.seqr STREAM:1562}
  CREATE_STREAM @2440000 {NAME:axi_wr_7 T:Transactions SCOPE:uvm_test_top.env_axi.write_agent.seqr STREAM:1720}
  CREATE_STREAM @220000 {NAME:axi_wr_1 T:Transactions SCOPE:uvm_test_top.env_axi.write_agent.seqr STREAM:1174}
  CREATE_STREAM @400000 {NAME:axi_wr_3 T:Transactions SCOPE:uvm_test_top.env_axi.write_agent.seqr STREAM:1224}
  CREATE_STREAM @560000 {NAME:axi_wr_2 T:Transactions SCOPE:uvm_test_top.env_axi.write_agent.seqr STREAM:1272}
  CREATE_STREAM @720000 {NAME:axi_wr_4 T:Transactions SCOPE:uvm_test_top.env_axi.write_agent.seqr STREAM:1310}
  CREATE_STREAM @880000 {NAME:gpio_i T:Transactions SCOPE:uvm_test_top.env_gpio.agent.seqr STREAM:1348}
  CREATE_STREAM @1120000 {NAME:axi_wr_5 T:Transactions SCOPE:uvm_test_top.env_axi.write_agent.seqr STREAM:1398}
  CREATE_STREAM @1280000 {NAME:axi_rd_1 T:Transactions SCOPE:uvm_test_top.env_axi.read_agent.sequencer STREAM:1460}
  CREATE_STREAM @1440000 {NAME:axi_rd_2 T:Transactions SCOPE:uvm_test_top.env_axi.read_agent.sequencer STREAM:1500}
  CREATE_STREAM @1780000 {NAME:axi_wr_6 T:Transactions SCOPE:uvm_test_top.env_axi.write_agent.seqr STREAM:1562}
  CREATE_STREAM @2440000 {NAME:axi_wr_7 T:Transactions SCOPE:uvm_test_top.env_axi.write_agent.seqr STREAM:1720}
  CREATE_STREAM @220000 {NAME:axi_wr_1 T:Transactions SCOPE:uvm_test_top.env_axi.write_agent.seqr STREAM:1174}
  CREATE_STREAM @400000 {NAME:axi_wr_3 T:Transactions SCOPE:uvm_test_top.env_axi.write_agent.seqr STREAM:1224}
  CREATE_STREAM @560000 {NAME:axi_wr_2 T:Transactions SCOPE:uvm_test_top.env_axi.write_agent.seqr STREAM:1272}
  CREATE_STREAM @720000 {NAME:axi_wr_4 T:Transactions SCOPE:uvm_test_top.env_axi.write_agent.seqr STREAM:1310}
  CREATE_STREAM @880000 {NAME:gpio_i T:Transactions SCOPE:uvm_test_top.env_gpio.agent.seqr STREAM:1348}
  CREATE_STREAM @1120000 {NAME:axi_wr_5 T:Transactions SCOPE:uvm_test_top.env_axi.write_agent.seqr STREAM:1398}
  CREATE_STREAM @1280000 {NAME:axi_rd_1 T:Transactions SCOPE:uvm_test_top.env_axi.read_agent.sequencer STREAM:1460}
  CREATE_STREAM @1440000 {NAME:axi_rd_2 T:Transactions SCOPE:uvm_test_top.env_axi.read_agent.sequencer STREAM:1500}
  CREATE_STREAM @220000 {NAME:axi_wr_1 T:Transactions SCOPE:uvm_test_top.env_axi.write_agent.seqr STREAM:1174}
  CREATE_STREAM @400000 {NAME:axi_wr_3 T:Transactions SCOPE:uvm_test_top.env_axi.write_agent.seqr STREAM:1224}
  CREATE_STREAM @560000 {NAME:axi_wr_2 T:Transactions SCOPE:uvm_test_top.env_axi.write_agent.seqr STREAM:1272}
  CREATE_STREAM @720000 {NAME:axi_wr_4 T:Transactions SCOPE:uvm_test_top.env_axi.write_agent.seqr STREAM:1310}
  CREATE_STREAM @880000 {NAME:gpio_i T:Transactions SCOPE:uvm_test_top.env_gpio.agent.seqr STREAM:1348}
  CREATE_STREAM @1120000 {NAME:axi_wr_5 T:Transactions SCOPE:uvm_test_top.env_axi.write_agent.seqr STREAM:1398}
  CREATE_STREAM @1280000 {NAME:axi_rd_1 T:Transactions SCOPE:uvm_test_top.env_axi.read_agent.sequencer STREAM:1460}
  CREATE_STREAM @1440000 {NAME:axi_rd_2 T:Transactions SCOPE:uvm_test_top.env_axi.read_agent.sequencer STREAM:1500}
  CREATE_STREAM @2340000 {NAME:axi_wr_7 T:Transactions SCOPE:uvm_test_top.env_axi.write_agent.seqr STREAM:1658}
  CREATE_STREAM @220000 {NAME:axi_wr_1 T:Transactions SCOPE:uvm_test_top.env_axi.write_agent.seqr STREAM:1174}
  CREATE_STREAM @400000 {NAME:axi_wr_3 T:Transactions SCOPE:uvm_test_top.env_axi.write_agent.seqr STREAM:1224}
  CREATE_STREAM @560000 {NAME:axi_wr_2 T:Transactions SCOPE:uvm_test_top.env_axi.write_agent.seqr STREAM:1272}
  CREATE_STREAM @720000 {NAME:axi_wr_4 T:Transactions SCOPE:uvm_test_top.env_axi.write_agent.seqr STREAM:1310}
  CREATE_STREAM @880000 {NAME:gpio_i T:Transactions SCOPE:uvm_test_top.env_gpio.agent.seqr STREAM:1348}
  CREATE_STREAM @1180000 {NAME:axi_wr_5 T:Transactions SCOPE:uvm_test_top.env_axi.write_agent.seqr STREAM:1410}
  CREATE_STREAM @1340000 {NAME:axi_rd_1 T:Transactions SCOPE:uvm_test_top.env_axi.read_agent.sequencer STREAM:1460}
  CREATE_STREAM @1500000 {NAME:axi_rd_2 T:Transactions SCOPE:uvm_test_top.env_axi.read_agent.sequencer STREAM:1500}
  CREATE_STREAM @2460000 {NAME:axi_wr_7 T:Transactions SCOPE:uvm_test_top.env_axi.write_agent.seqr STREAM:1670}
  CREATE_STREAM @220000 {NAME:axi_wr_1 T:Transactions SCOPE:uvm_test_top.env_axi.write_agent.seqr STREAM:1174}
  CREATE_STREAM @400000 {NAME:axi_wr_3 T:Transactions SCOPE:uvm_test_top.env_axi.write_agent.seqr STREAM:1224}
  CREATE_STREAM @560000 {NAME:axi_wr_2 T:Transactions SCOPE:uvm_test_top.env_axi.write_agent.seqr STREAM:1272}
  CREATE_STREAM @720000 {NAME:axi_wr_4 T:Transactions SCOPE:uvm_test_top.env_axi.write_agent.seqr STREAM:1310}
  CREATE_STREAM @880000 {NAME:gpio_i T:Transactions SCOPE:uvm_test_top.env_gpio.agent.seqr STREAM:1348}
  CREATE_STREAM @1180000 {NAME:axi_rd_1 T:Transactions SCOPE:uvm_test_top.env_axi.read_agent.sequencer STREAM:1398}
  CREATE_STREAM @1340000 {NAME:axi_rd_2 T:Transactions SCOPE:uvm_test_top.env_axi.read_agent.sequencer STREAM:1438}
  CREATE_STREAM @1740000 {NAME:axi_wr_6 T:Transactions SCOPE:uvm_test_top.env_axi.write_agent.seqr STREAM:1512}
  CREATE_STREAM @2460000 {NAME:axi_wr_7 T:Transactions SCOPE:uvm_test_top.env_axi.write_agent.seqr STREAM:1670}
  CREATE_STREAM @220000 {NAME:axi_wr_1 T:Transactions SCOPE:uvm_test_top.env_axi.write_agent.seqr STREAM:1174}
  CREATE_STREAM @400000 {NAME:axi_wr_3 T:Transactions SCOPE:uvm_test_top.env_axi.write_agent.seqr STREAM:1224}
  CREATE_STREAM @560000 {NAME:axi_wr_2 T:Transactions SCOPE:uvm_test_top.env_axi.write_agent.seqr STREAM:1272}
  CREATE_STREAM @720000 {NAME:axi_wr_4 T:Transactions SCOPE:uvm_test_top.env_axi.write_agent.seqr STREAM:1310}
  CREATE_STREAM @880000 {NAME:gpio_i T:Transactions SCOPE:uvm_test_top.env_gpio.agent.seqr STREAM:1348}
  CREATE_STREAM @1180000 {NAME:axi_rd_1 T:Transactions SCOPE:uvm_test_top.env_axi.read_agent.sequencer STREAM:1398}
  CREATE_STREAM @1340000 {NAME:axi_rd_2 T:Transactions SCOPE:uvm_test_top.env_axi.read_agent.sequencer STREAM:1438}
  CREATE_STREAM @1740000 {NAME:axi_wr_6 T:Transactions SCOPE:uvm_test_top.env_axi.write_agent.seqr STREAM:1512}
  CREATE_STREAM @2460000 {NAME:axi_wr_7 T:Transactions SCOPE:uvm_test_top.env_axi.write_agent.seqr STREAM:1670}
  CREATE_STREAM @220000 {NAME:axi_wr_1 T:Transactions SCOPE:uvm_test_top.env_axi.write_agent.seqr STREAM:1174}
  CREATE_STREAM @400000 {NAME:axi_wr_3 T:Transactions SCOPE:uvm_test_top.env_axi.write_agent.seqr STREAM:1226}
  CREATE_STREAM @560000 {NAME:axi_wr_2 T:Transactions SCOPE:uvm_test_top.env_axi.write_agent.seqr STREAM:1276}
  CREATE_STREAM @720000 {NAME:axi_wr_4 T:Transactions SCOPE:uvm_test_top.env_axi.write_agent.seqr STREAM:1314}
  CREATE_STREAM @880000 {NAME:gpio_i T:Transactions SCOPE:uvm_test_top.env_gpio.agent.seqr STREAM:1352}
  CREATE_STREAM @1180000 {NAME:axi_rd_1 T:Transactions SCOPE:uvm_test_top.env_axi.read_agent.sequencer STREAM:1402}
  CREATE_STREAM @1340000 {NAME:axi_rd_2 T:Transactions SCOPE:uvm_test_top.env_axi.read_agent.sequencer STREAM:1442}
  CREATE_STREAM @1740000 {NAME:axi_wr_6 T:Transactions SCOPE:uvm_test_top.env_axi.write_agent.seqr STREAM:1516}
  CREATE_STREAM @2460000 {NAME:axi_wr_7 T:Transactions SCOPE:uvm_test_top.env_axi.write_agent.seqr STREAM:1676}
  CREATE_STREAM @220000 {NAME:axi_wr_1 T:Transactions SCOPE:uvm_test_top.env_axi.write_agent.seqr STREAM:1174}
  CREATE_STREAM @400000 {NAME:axi_wr_3 T:Transactions SCOPE:uvm_test_top.env_axi.write_agent.seqr STREAM:1226}
  CREATE_STREAM @560000 {NAME:axi_wr_2 T:Transactions SCOPE:uvm_test_top.env_axi.write_agent.seqr STREAM:1276}
  CREATE_STREAM @720000 {NAME:axi_wr_4 T:Transactions SCOPE:uvm_test_top.env_axi.write_agent.seqr STREAM:1314}
  CREATE_STREAM @880000 {NAME:gpio_i T:Transactions SCOPE:uvm_test_top.env_gpio.agent.seqr STREAM:1352}
  CREATE_STREAM @1120000 {NAME:axi_wr_5 T:Transactions SCOPE:uvm_test_top.env_axi.write_agent.seqr STREAM:1402}
  CREATE_STREAM @1280000 {NAME:axi_rd_1 T:Transactions SCOPE:uvm_test_top.env_axi.read_agent.sequencer STREAM:1466}
  CREATE_STREAM @1440000 {NAME:axi_rd_2 T:Transactions SCOPE:uvm_test_top.env_axi.read_agent.sequencer STREAM:1506}
  CREATE_STREAM @1780000 {NAME:axi_wr_6 T:Transactions SCOPE:uvm_test_top.env_axi.write_agent.seqr STREAM:1568}
  CREATE_STREAM @2440000 {NAME:axi_wr_7 T:Transactions SCOPE:uvm_test_top.env_axi.write_agent.seqr STREAM:1728}
  CREATE_STREAM @220000 {NAME:axi_wr_1 T:Transactions SCOPE:uvm_test_top.env_axi.write_agent.seqr STREAM:1122}
  CREATE_STREAM @400000 {NAME:gpio_i T:Transactions SCOPE:uvm_test_top.env_gpio.agent.seqr STREAM:1154}
  CREATE_STREAM @460000 {NAME:axi_rd_1 T:Transactions SCOPE:uvm_test_top.env_axi.read_agent.sequencer STREAM:1168}
  CREATE_STREAM @220000 {NAME:axi_wr_1 T:Transactions SCOPE:uvm_test_top.env_axi.write_agent.seqr STREAM:1146}
  CREATE_STREAM @400000 {NAME:axi_wr_2 T:Transactions SCOPE:uvm_test_top.env_axi.write_agent.seqr STREAM:1178}
  CREATE_STREAM @560000 {NAME:axi_wr_3 T:Transactions SCOPE:uvm_test_top.env_axi.write_agent.seqr STREAM:1208}
  CREATE_STREAM @720000 {NAME:axi_wr_4 T:Transactions SCOPE:uvm_test_top.env_axi.write_agent.seqr STREAM:1238}
  CREATE_STREAM @880000 {NAME:gpio_i T:Transactions SCOPE:uvm_test_top.env_gpio.agent.seqr STREAM:1268}
  CREATE_STREAM @940000 {NAME:axi_rd_1 T:Transactions SCOPE:uvm_test_top.env_axi.read_agent.sequencer STREAM:1282}
  CREATE_STREAM @1100000 {NAME:axi_rd_2 T:Transactions SCOPE:uvm_test_top.env_axi.read_agent.sequencer STREAM:1310}
  CREATE_STREAM @220000 {NAME:axi_wr_1 T:Transactions SCOPE:uvm_test_top.env_axi.write_agent.seqr STREAM:1146}
  CREATE_STREAM @400000 {NAME:axi_wr_2 T:Transactions SCOPE:uvm_test_top.env_axi.write_agent.seqr STREAM:1182}
  CREATE_STREAM @560000 {NAME:axi_wr_3 T:Transactions SCOPE:uvm_test_top.env_axi.write_agent.seqr STREAM:1216}
  CREATE_STREAM @720000 {NAME:axi_wr_4 T:Transactions SCOPE:uvm_test_top.env_axi.write_agent.seqr STREAM:1250}
  CREATE_STREAM @880000 {NAME:gpio_i T:Transactions SCOPE:uvm_test_top.env_gpio.agent.seqr STREAM:1284}
  CREATE_STREAM @940000 {NAME:axi_rd_1 T:Transactions SCOPE:uvm_test_top.env_axi.read_agent.sequencer STREAM:1300}
  CREATE_STREAM @1100000 {NAME:axi_rd_2 T:Transactions SCOPE:uvm_test_top.env_axi.read_agent.sequencer STREAM:1330}
  CREATE_STREAM @220000 {NAME:axi_wr_1 T:Transactions SCOPE:uvm_test_top.env_axi.write_agent.seqr STREAM:1164}
  CREATE_STREAM @400000 {NAME:axi_wr_3 T:Transactions SCOPE:uvm_test_top.env_axi.write_agent.seqr STREAM:1200}
  CREATE_STREAM @560000 {NAME:axi_wr_2 T:Transactions SCOPE:uvm_test_top.env_axi.write_agent.seqr STREAM:1234}
  CREATE_STREAM @720000 {NAME:axi_wr_4 T:Transactions SCOPE:uvm_test_top.env_axi.write_agent.seqr STREAM:1262}
  CREATE_STREAM @880000 {NAME:gpio_i T:Transactions SCOPE:uvm_test_top.env_gpio.agent.seqr STREAM:1290}
  CREATE_STREAM @1120000 {NAME:axi_wr_5 T:Transactions SCOPE:uvm_test_top.env_axi.write_agent.seqr STREAM:1320}
  CREATE_STREAM @1280000 {NAME:axi_rd_1 T:Transactions SCOPE:uvm_test_top.env_axi.read_agent.sequencer STREAM:1362}
  CREATE_STREAM @1440000 {NAME:axi_rd_2 T:Transactions SCOPE:uvm_test_top.env_axi.read_agent.sequencer STREAM:1392}
  CREATE_STREAM @1780000 {NAME:axi_wr_6 T:Transactions SCOPE:uvm_test_top.env_axi.write_agent.seqr STREAM:1434}
  CREATE_STREAM @2440000 {NAME:axi_wr_7 T:Transactions SCOPE:uvm_test_top.env_axi.write_agent.seqr STREAM:1542}
